Base path: '/Applications/Unity/Unity.app/Contents', plugins path '/Applications/Unity/Unity.app/Contents/PlaybackEngines'
Cmd: initializeCompiler
Cmd: compileComputeKernel
  api=14 insize=16804 outsize=10405 ok=1
Cmd: compileComputeKernel
  api=14 insize=21596 outsize=103912 ok=1
Cmd: translateComputeKernel
  api=14 insize=4549 outsize=7216 ok=1
Cmd: compileComputeKernel
  api=14 insize=9809 outsize=13290 ok=1
Cmd: compileComputeKernel
  api=14 insize=9809 outsize=14619 ok=1
Cmd: translateComputeKernel
  api=14 insize=13621 outsize=16984 ok=1
Cmd: compileComputeKernel
  api=14 insize=22438 outsize=22297 ok=1
Cmd: compileComputeKernel
  api=14 insize=4823 outsize=11259 ok=1
Cmd: translateComputeKernel
  api=14 insize=1360 outsize=1314 ok=1
Cmd: translateComputeKernel
  api=14 insize=2800 outsize=4891 ok=1
Cmd: compileComputeKernel
  api=14 insize=40264 outsize=55823 ok=1
Cmd: translateComputeKernel
  api=14 insize=56001 outsize=115264 ok=1
Cmd: compileComputeKernel
  api=14 insize=3450 outsize=9528 ok=1
Cmd: compileComputeKernel
  api=14 insize=22295 outsize=17022 ok=1
Cmd: translateComputeKernel
  api=14 insize=17670 outsize=36068 ok=1
Cmd: compileComputeKernel
  api=14 insize=2307 outsize=26926 ok=1
Cmd: compileComputeKernel
  api=14 insize=9735 outsize=15844 ok=1
Cmd: translateComputeKernel
  api=14 insize=10282 outsize=15677 ok=1
Cmd: compileComputeKernel
  api=14 insize=8233 outsize=1327 ok=1
Cmd: compileComputeKernel
  api=14 insize=6119 outsize=11708 ok=1
Cmd: translateComputeKernel
  api=14 insize=10807 outsize=13131 ok=1
Cmd: compileComputeKernel
  api=14 insize=6745 outsize=10561 ok=1
Cmd: translateComputeKernel
  api=14 insize=9970 outsize=11525 ok=1
Cmd: translateComputeKernel
  api=14 insize=1403 outsize=1430 ok=1
Cmd: compileComputeKernel
  api=14 insize=26542 outsize=18125 ok=1
Cmd: translateComputeKernel
  api=14 insize=18128 outsize=35259 ok=1
Cmd: compileComputeKernel
  api=14 insize=16295 outsize=64046 ok=1
Cmd: compileComputeKernel
  api=14 insize=16295 outsize=61787 ok=1
Cmd: compileComputeKernel
  api=14 insize=16295 outsize=53311 ok=1
Cmd: compileComputeKernel
  api=14 insize=16295 outsize=61787 ok=1
Cmd: compileComputeKernel
  api=14 insize=16295 outsize=76584 ok=1
Cmd: compileComputeKernel
  api=14 insize=16295 outsize=51351 ok=1
Cmd: compileComputeKernel
  api=14 insize=16295 outsize=90125 ok=1
Cmd: translateComputeKernel
  api=14 insize=59923 outsize=119525 ok=1
Cmd: translateComputeKernel
  api=14 insize=54509 outsize=104994 ok=1
Cmd: translateComputeKernel
  api=14 insize=88461 outsize=190504 ok=1
Cmd: translateComputeKernel
  api=14 insize=48375 outsize=91890 ok=1
Cmd: translateComputeKernel
  api=14 insize=77322 outsize=163958 ok=1
Cmd: translateComputeKernel
  api=14 insize=77653 outsize=163525 ok=1
Cmd: compileComputeKernel
  api=14 insize=3697 outsize=6603 ok=1
Cmd: translateComputeKernel
  api=14 insize=4015 outsize=5201 ok=1
Cmd: translateComputeKernel
  api=14 insize=1525 outsize=1410 ok=1
Cmd: translateComputeKernel
  api=14 insize=1305 outsize=2197 ok=1
Cmd: translateComputeKernel
  api=14 insize=19166 outsize=29139 ok=1
Cmd: compileComputeKernel
  api=14 insize=7589 outsize=7010 ok=1
Cmd: translateComputeKernel
  api=14 insize=6999 outsize=13530 ok=1
Cmd: compileComputeKernel
  api=14 insize=13959 outsize=3328 ok=1
Cmd: compileComputeKernel
  api=14 insize=10587 outsize=10213 ok=1
Cmd: compileSnippet
  api=14 type=0 insize=7443 outsize=6660 kw=_NORMALMAP_TANGENT_SPACE pd=UNITY_ENABLE_REFLECTION_BUFFERS UNITY_USE_DITHER_MASK_FOR_ALPHABLENDED_SHADOWS UNITY_PBS_USE_BRDF1 UNITY_SPECCUBE_BOX_PROJECTION UNITY_SPECCUBE_BLENDING UNITY_ENABLE_DETAIL_NORMALMAP SHADER_API_DESKTOP UNITY_LIGHT_PROBE_PROXY_VOLUME UNITY_LIGHTMAP_FULL_HDR ok=1
