Base path: '/Applications/Unity/Unity.app/Contents', plugins path '/Applications/Unity/Unity.app/Contents/PlaybackEngines'
Cmd: initializeCompiler
Cmd: compileComputeKernel
  api=14 insize=21596 outsize=103907 ok=1
Cmd: translateComputeKernel
  api=14 insize=36179 outsize=70100 ok=1
Cmd: compileComputeKernel
  api=14 insize=9615 outsize=13101 ok=1
Cmd: compileComputeKernel
  api=14 insize=9809 outsize=17996 ok=1
Cmd: translateComputeKernel
  api=14 insize=17996 outsize=24622 ok=1
Cmd: compileComputeKernel
  api=14 insize=4823 outsize=11307 ok=1
Cmd: translateComputeKernel
  api=14 insize=12039 outsize=14820 ok=1
Cmd: translateComputeKernel
  api=14 insize=2550 outsize=4248 ok=1
Cmd: compileComputeKernel
  api=14 insize=3111 outsize=2800 ok=1
Cmd: compileComputeKernel
  api=14 insize=40264 outsize=52987 ok=1
Cmd: compileComputeKernel
  api=14 insize=40264 outsize=9842 ok=1
Cmd: translateComputeKernel
  api=14 insize=55187 outsize=114243 ok=1
Cmd: compileComputeKernel
  api=14 insize=22295 outsize=16409 ok=1
Cmd: translateComputeKernel
  api=14 insize=16621 outsize=34006 ok=1
Cmd: translateComputeKernel
  api=14 insize=27141 outsize=46385 ok=1
Cmd: compileComputeKernel
  api=14 insize=8233 outsize=14545 ok=1
Cmd: translateComputeKernel
  api=14 insize=1377 outsize=1032 ok=1
Cmd: compileComputeKernel
  api=14 insize=6119 outsize=11809 ok=1
Cmd: compileComputeKernel
  api=14 insize=3095 outsize=2645 ok=1
Cmd: translateComputeKernel
  api=14 insize=2640 outsize=3665 ok=1
Cmd: compileComputeKernel
  api=14 insize=6745 outsize=1378 ok=1
Cmd: compileComputeKernel
  api=14 insize=6745 outsize=10170 ok=1
Cmd: translateComputeKernel
  api=14 insize=11362 outsize=14213 ok=1
Cmd: compileComputeKernel
  api=14 insize=8512 outsize=2428 ok=1
Cmd: compileComputeKernel
  api=14 insize=9103 outsize=3862 ok=1
Cmd: translateComputeKernel
  api=14 insize=3239 outsize=5344 ok=1
Cmd: compileComputeKernel
  api=14 insize=26542 outsize=18087 ok=1
Cmd: translateComputeKernel
  api=14 insize=17944 outsize=34836 ok=1
Cmd: compileComputeKernel
  api=14 insize=16295 outsize=34371 ok=1
Cmd: compileComputeKernel
  api=14 insize=16295 outsize=48443 ok=1
Cmd: compileComputeKernel
  api=14 insize=16295 outsize=66511 ok=1
Cmd: compileComputeKernel
  api=14 insize=16295 outsize=63587 ok=1
Cmd: compileComputeKernel
  api=14 insize=16295 outsize=26354 ok=1
Cmd: compileComputeKernel
  api=14 insize=16295 outsize=66339 ok=1
Cmd: compileComputeKernel
  api=14 insize=16295 outsize=101882 ok=1
Cmd: translateComputeKernel
  api=14 insize=46786 outsize=87165 ok=1
Cmd: translateComputeKernel
  api=14 insize=66326 outsize=139732 ok=1
Cmd: translateComputeKernel
  api=14 insize=50535 outsize=96091 ok=1
Cmd: translateComputeKernel
  api=14 insize=49411 outsize=92335 ok=1
Cmd: translateComputeKernel
  api=14 insize=88409 outsize=190539 ok=1
Cmd: translateComputeKernel
  api=14 insize=102296 outsize=230560 ok=1
Cmd: compileComputeKernel
  api=14 insize=3922 outsize=4981 ok=1
Cmd: translateComputeKernel
  api=14 insize=4912 outsize=8999 ok=1
Cmd: compileComputeKernel
  api=14 insize=12177 outsize=1717 ok=1
Cmd: compileComputeKernel
  api=14 insize=7589 outsize=1881 ok=1
Cmd: translateComputeKernel
  api=14 insize=10282 outsize=11966 ok=1
