Base path: '/Applications/Unity/Unity.app/Contents', plugins path '/Applications/Unity/Unity.app/Contents/PlaybackEngines'
Cmd: initializeCompiler
Cmd: translateComputeKernel
  api=14 insize=12192 outsize=21047 ok=1
Cmd: translateComputeKernel
  api=14 insize=36184 outsize=70105 ok=1
Cmd: compileComputeKernel
  api=14 insize=9615 outsize=4412 ok=1
Cmd: compileComputeKernel
  api=14 insize=9809 outsize=14526 ok=1
Cmd: translateComputeKernel
  api=14 insize=15684 outsize=20544 ok=1
Cmd: compileComputeKernel
  api=14 insize=4823 outsize=1161 ok=1
Cmd: translateComputeKernel
  api=14 insize=1345 outsize=1311 ok=1
Cmd: compileComputeKernel
  api=14 insize=5899 outsize=14375 ok=1
Cmd: translateComputeKernel
  api=14 insize=6374 outsize=12049 ok=1
Cmd: compileComputeKernel
  api=14 insize=40264 outsize=53825 ok=1
Cmd: compileComputeKernel
  api=14 insize=40264 outsize=9842 ok=1
Cmd: translateComputeKernel
  api=14 insize=56716 outsize=116550 ok=1
Cmd: compileComputeKernel
  api=14 insize=3450 outsize=9528 ok=1
Cmd: compileComputeKernel
  api=14 insize=22295 outsize=17057 ok=1
Cmd: translateComputeKernel
  api=14 insize=17192 outsize=35220 ok=1
Cmd: translateComputeKernel
  api=14 insize=10801 outsize=16566 ok=1
Cmd: translateComputeKernel
  api=14 insize=41619 outsize=68860 ok=1
Cmd: compileComputeKernel
  api=14 insize=6119 outsize=11341 ok=1
Cmd: compileComputeKernel
  api=14 insize=6745 outsize=11362 ok=1
Cmd: translateComputeKernel
  api=14 insize=1530 outsize=1754 ok=1
Cmd: translateComputeKernel
  api=14 insize=13470 outsize=17327 ok=1
Cmd: translateComputeKernel
  api=14 insize=2428 outsize=4806 ok=1
Cmd: compileComputeKernel
  api=14 insize=9103 outsize=4975 ok=1
Cmd: compileComputeKernel
  api=14 insize=26542 outsize=17469 ok=1
Cmd: translateComputeKernel
  api=14 insize=17510 outsize=34190 ok=1
Cmd: compileComputeKernel
  api=14 insize=16295 outsize=50662 ok=1
Cmd: compileComputeKernel
  api=14 insize=16295 outsize=99317 ok=1
Cmd: compileComputeKernel
  api=14 insize=16295 outsize=25031 ok=1
Cmd: compileComputeKernel
  api=14 insize=16295 outsize=34382 ok=1
Cmd: compileComputeKernel
  api=14 insize=16295 outsize=87368 ok=1
Cmd: compileComputeKernel
  api=14 insize=16295 outsize=124252 ok=1
Cmd: translateComputeKernel
  api=14 insize=137982 outsize=323600 ok=1
Cmd: compileComputeKernel
  api=14 insize=2557 outsize=1305 ok=1
Cmd: compileComputeKernel
  api=14 insize=1207 outsize=9377 ok=1
Cmd: translateComputeKernel
  api=14 insize=9372 outsize=10566 ok=1
Cmd: compileComputeKernel
  api=14 insize=7589 outsize=1552 ok=1
Cmd: translateComputeKernel
  api=14 insize=3435 outsize=5232 ok=1
Cmd: translateComputeKernel
  api=14 insize=16497 outsize=24335 ok=1
