Base path: '/Applications/Unity/Unity.app/Contents', plugins path '/Applications/Unity/Unity.app/Contents/PlaybackEngines'
Cmd: initializeCompiler
Cmd: compileComputeKernel
  api=14 insize=16804 outsize=12944 ok=1
Cmd: translateComputeKernel
  api=14 insize=103912 outsize=634430 ok=1
Cmd: compileComputeKernel
  api=14 insize=9615 outsize=851 ok=1
Cmd: compileComputeKernel
  api=14 insize=9809 outsize=15741 ok=1
Cmd: translateComputeKernel
  api=14 insize=15778 outsize=20678 ok=1
Cmd: compileComputeKernel
  api=14 insize=17994 outsize=18085 ok=1
Cmd: translateComputeKernel
  api=14 insize=17192 outsize=26364 ok=1
Cmd: compileComputeKernel
  api=14 insize=4823 outsize=1478 ok=1
Cmd: translateComputeKernel
  api=14 insize=11244 outsize=13803 ok=1
Cmd: translateComputeKernel
  api=14 insize=1312 outsize=1327 ok=1
Cmd: compileComputeKernel
  api=14 insize=868 outsize=1094 ok=1
Cmd: translateComputeKernel
  api=14 insize=1094 outsize=1098 ok=1
Cmd: compileComputeKernel
  api=14 insize=40264 outsize=55823 ok=1
Cmd: translateComputeKernel
  api=14 insize=55187 outsize=114243 ok=1
Cmd: translateComputeKernel
  api=14 insize=9528 outsize=11479 ok=1
Cmd: compileComputeKernel
  api=14 insize=9735 outsize=12134 ok=1
Cmd: translateComputeKernel
  api=14 insize=14618 outsize=25358 ok=1
Cmd: translateComputeKernel
  api=14 insize=11299 outsize=13899 ok=1
Cmd: translateComputeKernel
  api=14 insize=2645 outsize=3670 ok=1
Cmd: compileComputeKernel
  api=14 insize=6745 outsize=9970 ok=1
Cmd: compileComputeKernel
  api=14 insize=6745 outsize=1248 ok=1
Cmd: translateComputeKernel
  api=14 insize=13381 outsize=17354 ok=1
Cmd: translateComputeKernel
  api=14 insize=3900 outsize=7126 ok=1
Cmd: compileComputeKernel
  api=14 insize=26542 outsize=17711 ok=1
Cmd: translateComputeKernel
  api=14 insize=18329 outsize=35642 ok=1
Cmd: compileComputeKernel
  api=14 insize=16295 outsize=26343 ok=1
Cmd: compileComputeKernel
  api=14 insize=16295 outsize=74259 ok=1
Cmd: compileComputeKernel
  api=14 insize=16295 outsize=87688 ok=1
Cmd: compileComputeKernel
  api=14 insize=16295 outsize=60867 ok=1
Cmd: compileComputeKernel
  api=14 insize=16295 outsize=63636 ok=1
Cmd: compileComputeKernel
  api=14 insize=16295 outsize=63572 ok=1
Cmd: translateComputeKernel
  api=14 insize=51804 outsize=99434 ok=1
Cmd: translateComputeKernel
  api=14 insize=99731 outsize=223326 ok=1
Cmd: translateComputeKernel
  api=14 insize=88141 outsize=192604 ok=1
Cmd: translateComputeKernel
  api=14 insize=52248 outsize=100799 ok=1
Cmd: translateComputeKernel
  api=14 insize=64429 outsize=130380 ok=1
Cmd: compileComputeKernel
  api=14 insize=3697 outsize=3666 ok=1
Cmd: compileComputeKernel
  api=14 insize=7589 outsize=1870 ok=1
Cmd: translateComputeKernel
  api=14 insize=4595 outsize=8237 ok=1
