Base path: '/Applications/Unity/Unity.app/Contents', plugins path '/Applications/Unity/Unity.app/Contents/PlaybackEngines'
Cmd: initializeCompiler
Cmd: compileComputeKernel
  api=14 insize=848 outsize=650 ok=1
Cmd: translateComputeKernel
  api=14 insize=632 outsize=520 ok=1
Cmd: translateComputeKernel
  api=14 insize=13212 outsize=17206 ok=1
Cmd: compileComputeKernel
  api=14 insize=9809 outsize=14357 ok=1
Cmd: translateComputeKernel
  api=14 insize=14559 outsize=18591 ok=1
Cmd: translateComputeKernel
  api=14 insize=17084 outsize=23079 ok=1
Cmd: translateComputeKernel
  api=14 insize=17192 outsize=26364 ok=1
Cmd: compileComputeKernel
  api=14 insize=4823 outsize=1166 ok=1
Cmd: translateComputeKernel
  api=14 insize=11259 outsize=13940 ok=1
Cmd: compileComputeKernel
  api=14 insize=1372 outsize=1246 ok=1
Cmd: compileComputeKernel
  api=14 insize=2770 outsize=2637 ok=1
Cmd: translateComputeKernel
  api=14 insize=2632 outsize=6216 ok=1
Cmd: compileComputeKernel
  api=14 insize=40264 outsize=51591 ok=1
Cmd: compileComputeKernel
  api=14 insize=40264 outsize=57379 ok=1
Cmd: translateComputeKernel
  api=14 insize=52154 outsize=108369 ok=1
Cmd: translateComputeKernel
  api=14 insize=56716 outsize=116550 ok=1
Cmd: compileComputeKernel
  api=14 insize=3450 outsize=9668 ok=1
Cmd: translateComputeKernel
  api=14 insize=9668 outsize=11669 ok=1
Cmd: translateComputeKernel
  api=14 insize=17099 outsize=34854 ok=1
Cmd: compileComputeKernel
  api=14 insize=8233 outsize=10441 ok=1
Cmd: compileComputeKernel
  api=14 insize=6119 outsize=11442 ok=1
Cmd: translateComputeKernel
  api=14 insize=11809 outsize=14907 ok=1
Cmd: compileComputeKernel
  api=14 insize=6745 outsize=1179 ok=1
Cmd: compileComputeKernel
  api=14 insize=6745 outsize=11599 ok=1
Cmd: translateComputeKernel
  api=14 insize=10561 outsize=12482 ok=1
Cmd: translateComputeKernel
  api=14 insize=3935 outsize=7292 ok=1
Cmd: compileComputeKernel
  api=14 insize=26542 outsize=772 ok=1
Cmd: translateComputeKernel
  api=14 insize=16312 outsize=31911 ok=1
Cmd: compileComputeKernel
  api=14 insize=16295 outsize=140535 ok=1
Cmd: compileComputeKernel
  api=14 insize=16295 outsize=54944 ok=1
Cmd: compileComputeKernel
  api=14 insize=16295 outsize=68944 ok=1
Cmd: translateComputeKernel
  api=14 insize=26960 outsize=43497 ok=1
Cmd: translateComputeKernel
  api=14 insize=58110 outsize=119876 ok=1
Cmd: translateComputeKernel
  api=14 insize=62644 outsize=124769 ok=1
Cmd: translateComputeKernel
  api=14 insize=67724 outsize=138579 ok=1
Cmd: translateComputeKernel
  api=14 insize=26971 outsize=43508 ok=1
Cmd: translateComputeKernel
  api=14 insize=36133 outsize=63673 ok=1
Cmd: translateComputeKernel
  api=14 insize=61724 outsize=124963 ok=1
Cmd: translateComputeKernel
  api=14 insize=50686 outsize=97876 ok=1
Cmd: translateComputeKernel
  api=14 insize=50832 outsize=96526 ok=1
Cmd: translateComputeKernel
  api=14 insize=56086 outsize=110356 ok=1
Cmd: translateComputeKernel
  api=14 insize=56262 outsize=110423 ok=1
Cmd: translateComputeKernel
  api=14 insize=90898 outsize=197304 ok=1
Cmd: compileComputeKernel
  api=14 insize=5893 outsize=1413 ok=1
Cmd: compileComputeKernel
  api=14 insize=3447 outsize=10763 ok=1
Cmd: compileComputeKernel
  api=14 insize=10587 outsize=16462 ok=1
Cmd: compileSnippet
  api=14 type=1 insize=7443 outsize=235 kw=_NORMALMAP_TANGENT_SPACE pd=UNITY_ENABLE_REFLECTION_BUFFERS UNITY_USE_DITHER_MASK_FOR_ALPHABLENDED_SHADOWS UNITY_PBS_USE_BRDF1 UNITY_SPECCUBE_BOX_PROJECTION UNITY_SPECCUBE_BLENDING UNITY_ENABLE_DETAIL_NORMALMAP SHADER_API_DESKTOP UNITY_LIGHT_PROBE_PROXY_VOLUME UNITY_LIGHTMAP_FULL_HDR ok=1
