Base path: '/Applications/Unity/Unity.app/Contents', plugins path '/Applications/Unity/Unity.app/Contents/PlaybackEngines'
Cmd: initializeCompiler
Cmd: compileComputeKernel
  api=14 insize=9615 outsize=4466 ok=1
Cmd: compileComputeKernel
  api=14 insize=9809 outsize=16785 ok=1
Cmd: translateComputeKernel
  api=14 insize=14681 outsize=18822 ok=1
Cmd: translateComputeKernel
  api=14 insize=18177 outsize=24946 ok=1
Cmd: compileComputeKernel
  api=14 insize=4823 outsize=11244 ok=1
Cmd: translateComputeKernel
  api=14 insize=1672 outsize=1758 ok=1
Cmd: compileComputeKernel
  api=14 insize=2770 outsize=2550 ok=1
Cmd: translateComputeKernel
  api=14 insize=9411 outsize=10687 ok=1
Cmd: translateComputeKernel
  api=14 insize=2803 outsize=4906 ok=1
Cmd: compileComputeKernel
  api=14 insize=40264 outsize=52465 ok=1
Cmd: compileComputeKernel
  api=14 insize=40264 outsize=53825 ok=1
Cmd: translateComputeKernel
  api=14 insize=57466 outsize=119063 ok=1
Cmd: compileComputeKernel
  api=14 insize=3450 outsize=9528 ok=1
Cmd: translateComputeKernel
  api=14 insize=9513 outsize=11477 ok=1
Cmd: translateComputeKernel
  api=14 insize=17022 outsize=34814 ok=1
Cmd: translateComputeKernel
  api=14 insize=3018 outsize=5581 ok=1
Cmd: compileComputeKernel
  api=14 insize=7840 outsize=16926 ok=1
Cmd: translateComputeKernel
  api=14 insize=10560 outsize=12251 ok=1
Cmd: translateComputeKernel
  api=14 insize=11341 outsize=14183 ok=1
Cmd: compileComputeKernel
  api=14 insize=6745 outsize=1754 ok=1
Cmd: compileComputeKernel
  api=14 insize=6745 outsize=11451 ok=1
Cmd: translateComputeKernel
  api=14 insize=1533 outsize=1757 ok=1
Cmd: translateComputeKernel
  api=14 insize=11599 outsize=14177 ok=1
Cmd: compileComputeKernel
  api=14 insize=9103 outsize=3827 ok=1
Cmd: compileComputeKernel
  api=14 insize=26542 outsize=16225 ok=1
Cmd: translateComputeKernel
  api=14 insize=17507 outsize=34138 ok=1
Cmd: compileComputeKernel
  api=14 insize=16295 outsize=59066 ok=1
Cmd: compileComputeKernel
  api=14 insize=16295 outsize=53367 ok=1
Cmd: compileComputeKernel
  api=14 insize=16295 outsize=74311 ok=1
Cmd: compileComputeKernel
  api=14 insize=16295 outsize=121711 ok=1
Cmd: translateComputeKernel
  api=14 insize=36122 outsize=63662 ok=1
Cmd: translateComputeKernel
  api=14 insize=49017 outsize=92596 ok=1
Cmd: translateComputeKernel
  api=14 insize=67572 outsize=138421 ok=1
Cmd: translateComputeKernel
  api=14 insize=64444 outsize=129466 ok=1
Cmd: translateComputeKernel
  api=14 insize=122125 outsize=290588 ok=1
Cmd: translateComputeKernel
  api=14 insize=4102 outsize=7116 ok=1
Cmd: translateComputeKernel
  api=14 insize=991 outsize=1534 ok=1
Cmd: compileComputeKernel
  api=14 insize=7589 outsize=1541 ok=1
Cmd: compileComputeKernel
  api=14 insize=13959 outsize=517 ok=1
Cmd: compileComputeKernel
  api=14 insize=10587 outsize=16627 ok=1
Cmd: compileSnippet
  api=14 type=1 insize=7919 outsize=19388 kw=DECALS_3RT _NORMALMAP_TANGENT_SPACE pd=UNITY_ENABLE_REFLECTION_BUFFERS UNITY_USE_DITHER_MASK_FOR_ALPHABLENDED_SHADOWS UNITY_PBS_USE_BRDF1 UNITY_SPECCUBE_BOX_PROJECTION UNITY_SPECCUBE_BLENDING UNITY_ENABLE_DETAIL_NORMALMAP SHADER_API_DESKTOP UNITY_LIGHT_PROBE_PROXY_VOLUME UNITY_LIGHTMAP_FULL_HDR ok=1
